<?xml version="1.0" encoding="UTF-8"?>
<!-- Generated by org.testng.reporters.JUnitXMLReporter -->
<testsuite ignored="0" hostname="DESKTOP-QIMQ31F" failures="0" tests="8" name="Surefire test" time="141.111" errors="0" timestamp="2026-04-27T15:53:34 IST">
  <testcase classname="tests.RegisterTest" name="testLogoutUser" time="12.075"/>
  <testcase classname="tests.RegisterTest" name="testRegisterNewUserAndDeleteAccount" time="14.062"/>
  <testcase classname="tests.RegisterTest" name="testRegisterWithEmptyEmail" time="2.069"/>
  <testcase classname="tests.RegisterTest" name="testRegisterWithEmptyName" time="2.696"/>
  <testcase classname="tests.RegisterTest" name="testRegisterWithExistingEmail" time="6.319"/>
  <testcase classname="tests.RegisterTest" name="testRegisterWithExistingEmailShowsError" time="16.356"/>
  <testcase classname="tests.RegisterTest" name="testRegisterWithInvalidEmail" time="2.681"/>
  <testcase classname="tests.RegisterTest" name="testRegisterWithMrsTitle" time="22.203"/>
</testsuite> <!-- Surefire test -->
