<?xml version="1.0" encoding="UTF-8"?>
<!-- Generated by org.testng.reporters.JUnitXMLReporter -->
<testsuite ignored="0" hostname="DESKTOP-QIMQ31F" failures="1" tests="3" name="Contact Tests" time="52.387" errors="0" timestamp="2026-05-14T17:26:04 IST">
  <testcase classname="tests.ContactTest" name="testContactUsForm" time="14.109">
    <failure type="java.lang.AssertionError" message="Not landed to home page successfully expected [true] but found [false]">
      <![CDATA[java.lang.AssertionError: Not landed to home page successfully expected [true] but found [false]
at tests.ContactTest.testContactUsForm(ContactTest.java:31)
at java.base/java.util.ArrayList.forEach(ArrayList.java:1511)
... Removed 34 stack frames]]>
    </failure>
  </testcase> <!-- testContactUsForm -->
  <testcase classname="tests.ContactTest" name="testVerifySubscriptionInHomePage" time="0.687"/>
  <testcase classname="tests.ContactTest" name="testVerifyTestCasesPage" time="24.574"/>
</testsuite> <!-- Contact Tests -->
