<?xml version="1.0" encoding="UTF-8"?>
<!-- Generated by org.testng.reporters.JUnitXMLReporter -->
<testsuite ignored="0" hostname="DESKTOP-QIMQ31F" failures="1" tests="3" name="Login Tests" time="69.552" errors="0" timestamp="2026-05-18T16:20:54 IST">
  <testcase classname="tests.LoginTest" name="testLoginUserWithCorrectEmailAndPassword" time="25.288"/>
  <testcase classname="tests.LoginTest" name="testLoginWithInvalidCredentials" time="4.994"/>
  <testcase classname="tests.LoginTest" name="testLogout" time="23.189">
    <failure type="java.lang.AssertionError" message="User not logged in after registration expected [true] but found [false]">
      <![CDATA[java.lang.AssertionError: User not logged in after registration expected [true] but found [false]
at tests.LoginTest.testLogout(LoginTest.java:77)
at java.base/java.util.ArrayList.forEach(ArrayList.java:1511)
... Removed 34 stack frames]]>
    </failure>
  </testcase> <!-- testLogout -->
</testsuite> <!-- Login Tests -->
