<?xml version="1.0" encoding="UTF-8"?>
<!-- Generated by org.testng.reporters.JUnitXMLReporter -->
<testsuite ignored="0" hostname="DESKTOP-QIMQ31F" failures="0" tests="8" name="Register Tests" time="95.064" errors="0" timestamp="2026-05-05T11:40:28 IST">
  <testcase classname="tests.RegisterTest" name="testLogoutUser" time="11.889"/>
  <testcase classname="tests.RegisterTest" name="testRegisterNewUserAndDeleteAccount" time="12.245"/>
  <testcase classname="tests.RegisterTest" name="testRegisterWithEmptyEmail" time="2.568"/>
  <testcase classname="tests.RegisterTest" name="testRegisterWithEmptyName" time="1.677"/>
  <testcase classname="tests.RegisterTest" name="testRegisterWithExistingEmail" time="2.894"/>
  <testcase classname="tests.RegisterTest" name="testRegisterWithExistingEmailShowsError" time="13.535"/>
  <testcase classname="tests.RegisterTest" name="testRegisterWithInvalidEmail" time="2.174"/>
  <testcase classname="tests.RegisterTest" name="testRegisterWithMrsTitle" time="13.564"/>
</testsuite> <!-- Register Tests -->
