<?xml version="1.0" encoding="UTF-8"?>
<!-- Generated by org.testng.reporters.JUnitReportReporter -->
<testsuite hostname="DESKTOP-QIMQ31F" failures="0" tests="3" name="tests.LoginTest" time="66.418" errors="0" timestamp="2026-05-07T16:28:54 IST" skipped="0">
  <testcase classname="tests.LoginTest" name="testLogout" time="25.260"/>
  <testcase classname="tests.LoginTest" name="testLoginUserWithCorrectEmailAndPassword" time="29.811"/>
  <testcase classname="tests.LoginTest" name="testLoginWithInvalidCredentials" time="11.347"/>
</testsuite> <!-- tests.LoginTest -->
